<?xml version="1.0" encoding="UTF-8"?>
<!-- Generated by org.testng.reporters.JUnitReportReporter -->
<testsuite skipped="0" hostname="DESKTOP-Q0R44SC" name="Run.groups" tests="5" failures="0" timestamp="2020-11-29T10:49:36 EST" time="0.010" errors="0">
  <testcase name="f" time="0.007" classname="Run.groups"/>
  <system-out/>
  <testcase name="f2" time="0.001" classname="Run.groups"/>
  <system-out/>
  <testcase name="f4" time="0.000" classname="Run.groups"/>
  <system-out/>
  <testcase name="f3" time="0.001" classname="Run.groups"/>
  <system-out/>
  <testcase name="f5" time="0.001" classname="Run.groups"/>
  <system-out/>
</testsuite> <!-- Run.groups -->
